<?xml version="1.0" encoding="UTF-8"?>
<!-- Generated by org.testng.reporters.JUnitReportReporter -->
<testsuite hostname="Harshs-Air.bbrouter" failures="0" tests="2" name="firstJavaSel.demo" time="43.930" errors="0" timestamp="2022-12-17T13:25:34 IST" skipped="0">
  <testcase classname="firstJavaSel.demo" name="test1" time="27.363"/>
  <system-out/>
  <testcase classname="firstJavaSel.demo" name="test1" time="16.567"/>
  <system-out/>
</testsuite> <!-- firstJavaSel.demo -->
